11:36:23 Invoking Teststep: go to URL
11:36:23 Invoking Teststep: go to URL
11:36:23 Invoking Teststep: go to URL
11:36:23 Invoking Teststep: get {url} with arguments: []
11:36:23 Invoking Teststep: get {url} with arguments: []
11:36:23 Invoking Teststep: get {url} with arguments: []
11:36:27 Completed Teststep: get {url} with arguments: []
11:36:27 Invoking Teststep: This step checks if the page JavaScript has finished loading
11:36:27 Completed Teststep: This step checks if the page JavaScript has finished loading
11:36:27 Completed Teststep: go to URL
11:36:27 Invoking Teststep: wait until ajax call complete
11:36:27 Completed Teststep: wait until ajax call complete
11:36:27 Invoking Teststep: Validate that the current URL matches another value with arguments: [44, https://qmetry.github.io/qaf/latest/docs.html ]
11:36:27 Completed Teststep: Validate that the current URL matches another value with arguments: [44, https://qmetry.github.io/qaf/latest/docs.html ]
11:36:29 Completed Teststep: get {url} with arguments: []
11:36:29 Invoking Teststep: This step checks if the page JavaScript has finished loading
11:36:29 Completed Teststep: This step checks if the page JavaScript has finished loading
11:36:29 Completed Teststep: go to URL
11:36:29 Invoking Teststep: click on {loc} with arguments: [input.field]
11:36:29 Completed Teststep: click on {loc} with arguments: [input.field]
11:36:29 Invoking Teststep: sendKeys {text} into {loc} with arguments: [QAF Updator, input.field]
11:36:29 Completed Teststep: sendKeys {text} into {loc} with arguments: [QAF Updator, input.field]
11:36:29 Invoking Teststep: assert {loc} attribute {attr} value is {value} with arguments: [input.field, type, text]
11:36:29 Completed Teststep: assert {loc} attribute {attr} value is {value} with arguments: [input.field, type, text]
11:36:29 Invoking Teststep: assert {loc} attribute {attr} value is {value} with arguments: [input.field, id, search-input]
11:36:29 Completed Teststep: assert {loc} attribute {attr} value is {value} with arguments: [input.field, id, search-input]
11:36:29 Invoking Teststep: assert {loc} attribute {attr} value is {value} with arguments: [input.field, style, background: rgb(204, 136, 136]
11:37:00 Failure Teststep: assert {loc} attribute {attr} value is {value} with arguments: [input.field, style, background: rgb(204, 136, 136]
com.qmetry.qaf.automation.step.JavaStepReporter$JPThrowable: java.lang.AssertionError
	at com.qmetry.qaf.automation.step.JavaStepReporter$MockJavaStep.doExecute(JavaStepReporter.java:144)
	at com.qmetry.qaf.automation.step.BaseTestStep.execute(BaseTestStep.java:149)
	at com.qmetry.qaf.automation.step.JavaStepReporter.javaTestStep(JavaStepReporter.java:88)
	at com.qmetry.qaf.automation.step.CommonStep.assertAttribute(CommonStep.java:1990)
	at hubTesting.test.qmetryTests.QmetryTestExample.checkSearchField(QmetryTestExample.java:64)
	at sun.reflect.NativeMethodAccessorImpl.invoke0(Native Method)
	at sun.reflect.NativeMethodAccessorImpl.invoke(NativeMethodAccessorImpl.java:62)
	at sun.reflect.DelegatingMethodAccessorImpl.invoke(DelegatingMethodAccessorImpl.java:43)
	at java.lang.reflect.Method.invoke(Method.java:498)
	at org.testng.internal.MethodInvocationHelper.invokeMethod(MethodInvocationHelper.java:124)
	at org.testng.internal.Invoker.invokeMethod(Invoker.java:571)
	at org.testng.internal.Invoker.invokeTestMethod(Invoker.java:707)
	at org.testng.internal.Invoker.invokeTestMethods(Invoker.java:979)
	at org.testng.internal.TestMethodWorker.invokeTestMethods(TestMethodWorker.java:125)
	at org.testng.internal.TestMethodWorker.run(TestMethodWorker.java:109)
	at java.util.concurrent.ThreadPoolExecutor.runWorker(ThreadPoolExecutor.java:1149)
	at java.util.concurrent.ThreadPoolExecutor$Worker.run(ThreadPoolExecutor.java:624)
	at java.lang.Thread.run(Thread.java:748)
Caused by: java.lang.AssertionError
	at com.qmetry.qaf.automation.ui.webdriver.QAFExtendedWebElement.assertAttribute(QAFExtendedWebElement.java:1067)
	at com.qmetry.qaf.automation.step.CommonStep.assertAttribute_aroundBody144(CommonStep.java:1991)
	at com.qmetry.qaf.automation.step.CommonStep$AjcClosure145.run(CommonStep.java:1)
	at org.aspectj.runtime.reflect.JoinPointImpl.proceed(JoinPointImpl.java:149)
	at com.qmetry.qaf.automation.step.JavaStepReporter$MockJavaStep.doExecute(JavaStepReporter.java:138)
	... 17 more
11:37:00 Completed Teststep: assert {loc} attribute {attr} value is {value} with arguments: [input.field, style, background: rgb(204, 136, 136]
11:37:00 Invoking Teststep: assert {loc} property {prop} value is {value} with arguments: [input.field, background, rgb(204, 136, 136)]
11:37:31 Failure Teststep: assert {loc} property {prop} value is {value} with arguments: [input.field, background, rgb(204, 136, 136)]
com.qmetry.qaf.automation.step.JavaStepReporter$JPThrowable: java.lang.AssertionError
	at com.qmetry.qaf.automation.step.JavaStepReporter$MockJavaStep.doExecute(JavaStepReporter.java:144)
	at com.qmetry.qaf.automation.step.BaseTestStep.execute(BaseTestStep.java:149)
	at com.qmetry.qaf.automation.step.JavaStepReporter.javaTestStep(JavaStepReporter.java:88)
	at com.qmetry.qaf.automation.step.CommonStep.assertCssStyle(CommonStep.java:2099)
	at hubTesting.test.qmetryTests.QmetryTestExample.checkSearchField(QmetryTestExample.java:71)
	at sun.reflect.NativeMethodAccessorImpl.invoke0(Native Method)
	at sun.reflect.NativeMethodAccessorImpl.invoke(NativeMethodAccessorImpl.java:62)
	at sun.reflect.DelegatingMethodAccessorImpl.invoke(DelegatingMethodAccessorImpl.java:43)
	at java.lang.reflect.Method.invoke(Method.java:498)
	at org.testng.internal.MethodInvocationHelper.invokeMethod(MethodInvocationHelper.java:124)
	at org.testng.internal.Invoker.invokeMethod(Invoker.java:571)
	at org.testng.internal.Invoker.invokeTestMethod(Invoker.java:707)
	at org.testng.internal.Invoker.invokeTestMethods(Invoker.java:979)
	at org.testng.internal.TestMethodWorker.invokeTestMethods(TestMethodWorker.java:125)
	at org.testng.internal.TestMethodWorker.run(TestMethodWorker.java:109)
	at java.util.concurrent.ThreadPoolExecutor.runWorker(ThreadPoolExecutor.java:1149)
	at java.util.concurrent.ThreadPoolExecutor$Worker.run(ThreadPoolExecutor.java:624)
	at java.lang.Thread.run(Thread.java:748)
Caused by: java.lang.AssertionError
	at com.qmetry.qaf.automation.ui.webdriver.QAFExtendedWebElement.assertCssStyle(QAFExtendedWebElement.java:1105)
	at com.qmetry.qaf.automation.step.CommonStep.assertCssStyle_aroundBody152(CommonStep.java:2100)
	at com.qmetry.qaf.automation.step.CommonStep$AjcClosure153.run(CommonStep.java:1)
	at org.aspectj.runtime.reflect.JoinPointImpl.proceed(JoinPointImpl.java:149)
	at com.qmetry.qaf.automation.step.JavaStepReporter$MockJavaStep.doExecute(JavaStepReporter.java:138)
	... 17 more
11:37:31 Completed Teststep: assert {loc} property {prop} value is {value} with arguments: [input.field, background, rgb(204, 136, 136)]
11:37:33 Completed Teststep: get {url} with arguments: []
11:37:33 Invoking Teststep: This step checks if the page JavaScript has finished loading
11:37:33 Completed Teststep: This step checks if the page JavaScript has finished loading
11:37:33 Completed Teststep: go to URL
11:37:33 Invoking Teststep: assert {loc} is visible with arguments: [githubrepo.button]
11:38:04 Failure Teststep: assert {loc} is visible with arguments: [githubrepo.button]
com.qmetry.qaf.automation.step.JavaStepReporter$JPThrowable: java.lang.AssertionError
	at com.qmetry.qaf.automation.step.JavaStepReporter$MockJavaStep.doExecute(JavaStepReporter.java:144)
	at com.qmetry.qaf.automation.step.BaseTestStep.execute(BaseTestStep.java:149)
	at com.qmetry.qaf.automation.step.JavaStepReporter.javaTestStep(JavaStepReporter.java:88)
	at com.qmetry.qaf.automation.step.CommonStep.assertVisible(CommonStep.java:272)
	at hubTesting.test.qmetryTests.QmetryTestExample.checkFields(QmetryTestExample.java:28)
	at sun.reflect.NativeMethodAccessorImpl.invoke0(Native Method)
	at sun.reflect.NativeMethodAccessorImpl.invoke(NativeMethodAccessorImpl.java:62)
	at sun.reflect.DelegatingMethodAccessorImpl.invoke(DelegatingMethodAccessorImpl.java:43)
	at java.lang.reflect.Method.invoke(Method.java:498)
	at org.testng.internal.MethodInvocationHelper.invokeMethod(MethodInvocationHelper.java:124)
	at org.testng.internal.Invoker.invokeMethod(Invoker.java:571)
	at org.testng.internal.Invoker.invokeTestMethod(Invoker.java:707)
	at org.testng.internal.Invoker.invokeTestMethods(Invoker.java:979)
	at org.testng.internal.TestMethodWorker.invokeTestMethods(TestMethodWorker.java:125)
	at org.testng.internal.TestMethodWorker.run(TestMethodWorker.java:109)
	at java.util.concurrent.ThreadPoolExecutor.runWorker(ThreadPoolExecutor.java:1149)
	at java.util.concurrent.ThreadPoolExecutor$Worker.run(ThreadPoolExecutor.java:624)
	at java.lang.Thread.run(Thread.java:748)
Caused by: java.lang.AssertionError
	at com.qmetry.qaf.automation.ui.webdriver.QAFExtendedWebElement.assertVisible(QAFExtendedWebElement.java:993)
	at com.qmetry.qaf.automation.step.CommonStep.assertVisible_aroundBody20(CommonStep.java:273)
	at com.qmetry.qaf.automation.step.CommonStep$AjcClosure21.run(CommonStep.java:1)
	at org.aspectj.runtime.reflect.JoinPointImpl.proceed(JoinPointImpl.java:149)
	at com.qmetry.qaf.automation.step.JavaStepReporter$MockJavaStep.doExecute(JavaStepReporter.java:138)
	... 17 more
11:38:04 Completed Teststep: assert {loc} is visible with arguments: [githubrepo.button]
11:38:04 Invoking Teststep: Page is Refreshed
11:38:05 Completed Teststep: Page is Refreshed
11:38:05 Invoking Teststep: wait until {loc} to be visible with arguments: [qafreporting.menubutton]
11:38:05 Completed Teststep: wait until {loc} to be visible with arguments: [qafreporting.menubutton]
11:38:05 Invoking Teststep: click on {loc} with arguments: [qafreporting.menubutton]
11:38:05 Completed Teststep: click on {loc} with arguments: [qafreporting.menubutton]
11:38:05 Invoking Teststep: wait until {loc} to be visible with arguments: [qafreporting.button]
11:38:05 Completed Teststep: wait until {loc} to be visible with arguments: [qafreporting.button]
11:38:05 Invoking Teststep: click on {loc} with arguments: [qafreporting.button]
11:38:06 Completed Teststep: click on {loc} with arguments: [qafreporting.button]
11:38:06 Invoking Teststep: wait until {loc} to be visible with arguments: [qafreporting.header]
11:38:06 Completed Teststep: wait until {loc} to be visible with arguments: [qafreporting.header]
11:38:06 Invoking Teststep: assert {loc} text is {text} with arguments: [qafreporting.header, QAF Reporting]
11:38:36 Failure Teststep: assert {loc} text is {text} with arguments: [qafreporting.header, QAF Reporting]
com.qmetry.qaf.automation.step.JavaStepReporter$JPThrowable: java.lang.AssertionError
	at com.qmetry.qaf.automation.step.JavaStepReporter$MockJavaStep.doExecute(JavaStepReporter.java:144)
	at com.qmetry.qaf.automation.step.BaseTestStep.execute(BaseTestStep.java:149)
	at com.qmetry.qaf.automation.step.JavaStepReporter.javaTestStep(JavaStepReporter.java:88)
	at com.qmetry.qaf.automation.step.CommonStep.assertText(CommonStep.java:1838)
	at hubTesting.test.qmetryTests.QmetryTestExample.checkFields(QmetryTestExample.java:39)
	at sun.reflect.NativeMethodAccessorImpl.invoke0(Native Method)
	at sun.reflect.NativeMethodAccessorImpl.invoke(NativeMethodAccessorImpl.java:62)
	at sun.reflect.DelegatingMethodAccessorImpl.invoke(DelegatingMethodAccessorImpl.java:43)
	at java.lang.reflect.Method.invoke(Method.java:498)
	at org.testng.internal.MethodInvocationHelper.invokeMethod(MethodInvocationHelper.java:124)
	at org.testng.internal.Invoker.invokeMethod(Invoker.java:571)
	at org.testng.internal.Invoker.invokeTestMethod(Invoker.java:707)
	at org.testng.internal.Invoker.invokeTestMethods(Invoker.java:979)
	at org.testng.internal.TestMethodWorker.invokeTestMethods(TestMethodWorker.java:125)
	at org.testng.internal.TestMethodWorker.run(TestMethodWorker.java:109)
	at java.util.concurrent.ThreadPoolExecutor.runWorker(ThreadPoolExecutor.java:1149)
	at java.util.concurrent.ThreadPoolExecutor$Worker.run(ThreadPoolExecutor.java:624)
	at java.lang.Thread.run(Thread.java:748)
Caused by: java.lang.AssertionError
	at com.qmetry.qaf.automation.ui.webdriver.QAFExtendedWebElement.assertText(QAFExtendedWebElement.java:1017)
	at com.qmetry.qaf.automation.step.CommonStep.assertText_aroundBody132(CommonStep.java:1839)
	at com.qmetry.qaf.automation.step.CommonStep$AjcClosure133.run(CommonStep.java:1)
	at org.aspectj.runtime.reflect.JoinPointImpl.proceed(JoinPointImpl.java:149)
	at com.qmetry.qaf.automation.step.JavaStepReporter$MockJavaStep.doExecute(JavaStepReporter.java:138)
	... 17 more
11:38:36 Completed Teststep: assert {loc} text is {text} with arguments: [qafreporting.header, QAF Reporting]
11:39:37 Invoking Teststep: go to URL
11:39:37 Invoking Teststep: go to URL
11:39:37 Invoking Teststep: go to URL
11:39:37 Invoking Teststep: get {url} with arguments: []
11:39:37 Invoking Teststep: get {url} with arguments: []
11:39:37 Invoking Teststep: get {url} with arguments: []
11:39:39 Completed Teststep: get {url} with arguments: []
11:39:39 Invoking Teststep: This step checks if the page JavaScript has finished loading
11:39:39 Completed Teststep: This step checks if the page JavaScript has finished loading
11:39:39 Completed Teststep: go to URL
11:39:39 Invoking Teststep: click on {loc} with arguments: [input.field]
11:39:39 Completed Teststep: click on {loc} with arguments: [input.field]
11:39:39 Invoking Teststep: sendKeys {text} into {loc} with arguments: [QAF Updator, input.field]
11:39:39 Completed Teststep: sendKeys {text} into {loc} with arguments: [QAF Updator, input.field]
11:39:39 Invoking Teststep: assert {loc} attribute {attr} value is {value} with arguments: [input.field, type, text]
11:39:39 Completed Teststep: assert {loc} attribute {attr} value is {value} with arguments: [input.field, type, text]
11:39:39 Invoking Teststep: assert {loc} attribute {attr} value is {value} with arguments: [input.field, id, search-input]
11:39:40 Completed Teststep: assert {loc} attribute {attr} value is {value} with arguments: [input.field, id, search-input]
11:39:40 Invoking Teststep: assert {loc} attribute {attr} value is {value} with arguments: [input.field, style, background: rgb(255, 255, 255]
11:40:10 Failure Teststep: assert {loc} attribute {attr} value is {value} with arguments: [input.field, style, background: rgb(255, 255, 255]
com.qmetry.qaf.automation.step.JavaStepReporter$JPThrowable: java.lang.AssertionError
	at com.qmetry.qaf.automation.step.JavaStepReporter$MockJavaStep.doExecute(JavaStepReporter.java:144)
	at com.qmetry.qaf.automation.step.BaseTestStep.execute(BaseTestStep.java:149)
	at com.qmetry.qaf.automation.step.JavaStepReporter.javaTestStep(JavaStepReporter.java:88)
	at com.qmetry.qaf.automation.step.CommonStep.assertAttribute(CommonStep.java:1990)
	at hubTesting.test.qmetryTests.QmetryTestExample.checkSearchField(QmetryTestExample.java:64)
	at sun.reflect.NativeMethodAccessorImpl.invoke0(Native Method)
	at sun.reflect.NativeMethodAccessorImpl.invoke(NativeMethodAccessorImpl.java:62)
	at sun.reflect.DelegatingMethodAccessorImpl.invoke(DelegatingMethodAccessorImpl.java:43)
	at java.lang.reflect.Method.invoke(Method.java:498)
	at org.testng.internal.MethodInvocationHelper.invokeMethod(MethodInvocationHelper.java:124)
	at org.testng.internal.Invoker.invokeMethod(Invoker.java:571)
	at org.testng.internal.Invoker.invokeTestMethod(Invoker.java:707)
	at org.testng.internal.Invoker.invokeTestMethods(Invoker.java:979)
	at org.testng.internal.TestMethodWorker.invokeTestMethods(TestMethodWorker.java:125)
	at org.testng.internal.TestMethodWorker.run(TestMethodWorker.java:109)
	at java.util.concurrent.ThreadPoolExecutor.runWorker(ThreadPoolExecutor.java:1149)
	at java.util.concurrent.ThreadPoolExecutor$Worker.run(ThreadPoolExecutor.java:624)
	at java.lang.Thread.run(Thread.java:748)
Caused by: java.lang.AssertionError
	at com.qmetry.qaf.automation.ui.webdriver.QAFExtendedWebElement.assertAttribute(QAFExtendedWebElement.java:1067)
	at com.qmetry.qaf.automation.step.CommonStep.assertAttribute_aroundBody144(CommonStep.java:1991)
	at com.qmetry.qaf.automation.step.CommonStep$AjcClosure145.run(CommonStep.java:1)
	at org.aspectj.runtime.reflect.JoinPointImpl.proceed(JoinPointImpl.java:149)
	at com.qmetry.qaf.automation.step.JavaStepReporter$MockJavaStep.doExecute(JavaStepReporter.java:138)
	... 17 more
11:40:10 Completed Teststep: assert {loc} attribute {attr} value is {value} with arguments: [input.field, style, background: rgb(255, 255, 255]
11:40:10 Invoking Teststep: assert {loc} property {prop} value is {value} with arguments: [input.field, background, rgb(255, 255, 255)]
11:40:41 Failure Teststep: assert {loc} property {prop} value is {value} with arguments: [input.field, background, rgb(255, 255, 255)]
com.qmetry.qaf.automation.step.JavaStepReporter$JPThrowable: java.lang.AssertionError
	at com.qmetry.qaf.automation.step.JavaStepReporter$MockJavaStep.doExecute(JavaStepReporter.java:144)
	at com.qmetry.qaf.automation.step.BaseTestStep.execute(BaseTestStep.java:149)
	at com.qmetry.qaf.automation.step.JavaStepReporter.javaTestStep(JavaStepReporter.java:88)
	at com.qmetry.qaf.automation.step.CommonStep.assertCssStyle(CommonStep.java:2099)
	at hubTesting.test.qmetryTests.QmetryTestExample.checkSearchField(QmetryTestExample.java:71)
	at sun.reflect.NativeMethodAccessorImpl.invoke0(Native Method)
	at sun.reflect.NativeMethodAccessorImpl.invoke(NativeMethodAccessorImpl.java:62)
	at sun.reflect.DelegatingMethodAccessorImpl.invoke(DelegatingMethodAccessorImpl.java:43)
	at java.lang.reflect.Method.invoke(Method.java:498)
	at org.testng.internal.MethodInvocationHelper.invokeMethod(MethodInvocationHelper.java:124)
	at org.testng.internal.Invoker.invokeMethod(Invoker.java:571)
	at org.testng.internal.Invoker.invokeTestMethod(Invoker.java:707)
	at org.testng.internal.Invoker.invokeTestMethods(Invoker.java:979)
	at org.testng.internal.TestMethodWorker.invokeTestMethods(TestMethodWorker.java:125)
	at org.testng.internal.TestMethodWorker.run(TestMethodWorker.java:109)
	at java.util.concurrent.ThreadPoolExecutor.runWorker(ThreadPoolExecutor.java:1149)
	at java.util.concurrent.ThreadPoolExecutor$Worker.run(ThreadPoolExecutor.java:624)
	at java.lang.Thread.run(Thread.java:748)
Caused by: java.lang.AssertionError
	at com.qmetry.qaf.automation.ui.webdriver.QAFExtendedWebElement.assertCssStyle(QAFExtendedWebElement.java:1105)
	at com.qmetry.qaf.automation.step.CommonStep.assertCssStyle_aroundBody152(CommonStep.java:2100)
	at com.qmetry.qaf.automation.step.CommonStep$AjcClosure153.run(CommonStep.java:1)
	at org.aspectj.runtime.reflect.JoinPointImpl.proceed(JoinPointImpl.java:149)
	at com.qmetry.qaf.automation.step.JavaStepReporter$MockJavaStep.doExecute(JavaStepReporter.java:138)
	... 17 more
11:40:41 Completed Teststep: assert {loc} property {prop} value is {value} with arguments: [input.field, background, rgb(255, 255, 255)]
11:40:43 Completed Teststep: get {url} with arguments: []
11:40:43 Invoking Teststep: This step checks if the page JavaScript has finished loading
11:40:43 Completed Teststep: This step checks if the page JavaScript has finished loading
11:40:43 Completed Teststep: go to URL
11:40:43 Invoking Teststep: wait until ajax call complete
11:40:43 Completed Teststep: wait until ajax call complete
11:40:43 Invoking Teststep: Validate that the current URL matches another value with arguments: [0, https://qmetry.github.io/qaf/latest/docs.html ]
11:40:43 Failure Teststep: Validate that the current URL matches another value with arguments: [0, https://qmetry.github.io/qaf/latest/docs.html ]
com.qmetry.qaf.automation.step.JavaStepReporter$JPThrowable: java.lang.StringIndexOutOfBoundsException: String index out of range: -12
	at com.qmetry.qaf.automation.step.JavaStepReporter$MockJavaStep.doExecute(JavaStepReporter.java:144)
	at com.qmetry.qaf.automation.step.BaseTestStep.execute(BaseTestStep.java:149)
	at com.qmetry.qaf.automation.step.JavaStepReporter.javaTestStep(JavaStepReporter.java:88)
	at hubTesting.steps.qmetryStepClass.globalSteps.GlobalSteps.validateURL(GlobalSteps.java:85)
	at hubTesting.test.qmetryTests.QmetryTestExample.checkURL(QmetryTestExample.java:83)
	at sun.reflect.NativeMethodAccessorImpl.invoke0(Native Method)
	at sun.reflect.NativeMethodAccessorImpl.invoke(NativeMethodAccessorImpl.java:62)
	at sun.reflect.DelegatingMethodAccessorImpl.invoke(DelegatingMethodAccessorImpl.java:43)
	at java.lang.reflect.Method.invoke(Method.java:498)
	at org.testng.internal.MethodInvocationHelper.invokeMethod(MethodInvocationHelper.java:124)
	at org.testng.internal.Invoker.invokeMethod(Invoker.java:571)
	at org.testng.internal.Invoker.invokeTestMethod(Invoker.java:707)
	at org.testng.internal.Invoker.invokeTestMethods(Invoker.java:979)
	at org.testng.internal.TestMethodWorker.invokeTestMethods(TestMethodWorker.java:125)
	at org.testng.internal.TestMethodWorker.run(TestMethodWorker.java:109)
	at java.util.concurrent.ThreadPoolExecutor.runWorker(ThreadPoolExecutor.java:1149)
	at java.util.concurrent.ThreadPoolExecutor$Worker.run(ThreadPoolExecutor.java:624)
	at java.lang.Thread.run(Thread.java:748)
Caused by: java.lang.StringIndexOutOfBoundsException: String index out of range: -12
	at java.lang.String.substring(String.java:1967)
	at hubTesting.steps.qmetryStepClass.globalSteps.GlobalSteps.validateURL_aroundBody8(GlobalSteps.java:86)
	at hubTesting.steps.qmetryStepClass.globalSteps.GlobalSteps$AjcClosure9.run(GlobalSteps.java:1)
	at org.aspectj.runtime.reflect.JoinPointImpl.proceed(JoinPointImpl.java:149)
	at com.qmetry.qaf.automation.step.JavaStepReporter$MockJavaStep.doExecute(JavaStepReporter.java:138)
	... 17 more
11:40:43 Completed Teststep: Validate that the current URL matches another value with arguments: [0, https://qmetry.github.io/qaf/latest/docs.html ]
11:40:44 Completed Teststep: get {url} with arguments: []
11:40:44 Invoking Teststep: This step checks if the page JavaScript has finished loading
11:40:44 Completed Teststep: This step checks if the page JavaScript has finished loading
11:40:44 Completed Teststep: go to URL
11:40:44 Invoking Teststep: assert {loc} is visible with arguments: [githubrepo.button]
11:41:15 Failure Teststep: assert {loc} is visible with arguments: [githubrepo.button]
com.qmetry.qaf.automation.step.JavaStepReporter$JPThrowable: java.lang.AssertionError
	at com.qmetry.qaf.automation.step.JavaStepReporter$MockJavaStep.doExecute(JavaStepReporter.java:144)
	at com.qmetry.qaf.automation.step.BaseTestStep.execute(BaseTestStep.java:149)
	at com.qmetry.qaf.automation.step.JavaStepReporter.javaTestStep(JavaStepReporter.java:88)
	at com.qmetry.qaf.automation.step.CommonStep.assertVisible(CommonStep.java:272)
	at hubTesting.test.qmetryTests.QmetryTestExample.checkFields(QmetryTestExample.java:28)
	at sun.reflect.NativeMethodAccessorImpl.invoke0(Native Method)
	at sun.reflect.NativeMethodAccessorImpl.invoke(NativeMethodAccessorImpl.java:62)
	at sun.reflect.DelegatingMethodAccessorImpl.invoke(DelegatingMethodAccessorImpl.java:43)
	at java.lang.reflect.Method.invoke(Method.java:498)
	at org.testng.internal.MethodInvocationHelper.invokeMethod(MethodInvocationHelper.java:124)
	at org.testng.internal.Invoker.invokeMethod(Invoker.java:571)
	at org.testng.internal.Invoker.invokeTestMethod(Invoker.java:707)
	at org.testng.internal.Invoker.invokeTestMethods(Invoker.java:979)
	at org.testng.internal.TestMethodWorker.invokeTestMethods(TestMethodWorker.java:125)
	at org.testng.internal.TestMethodWorker.run(TestMethodWorker.java:109)
	at java.util.concurrent.ThreadPoolExecutor.runWorker(ThreadPoolExecutor.java:1149)
	at java.util.concurrent.ThreadPoolExecutor$Worker.run(ThreadPoolExecutor.java:624)
	at java.lang.Thread.run(Thread.java:748)
Caused by: java.lang.AssertionError
	at com.qmetry.qaf.automation.ui.webdriver.QAFExtendedWebElement.assertVisible(QAFExtendedWebElement.java:993)
	at com.qmetry.qaf.automation.step.CommonStep.assertVisible_aroundBody20(CommonStep.java:273)
	at com.qmetry.qaf.automation.step.CommonStep$AjcClosure21.run(CommonStep.java:1)
	at org.aspectj.runtime.reflect.JoinPointImpl.proceed(JoinPointImpl.java:149)
	at com.qmetry.qaf.automation.step.JavaStepReporter$MockJavaStep.doExecute(JavaStepReporter.java:138)
	... 17 more
11:41:15 Completed Teststep: assert {loc} is visible with arguments: [githubrepo.button]
11:41:15 Invoking Teststep: Page is Refreshed
11:41:16 Completed Teststep: Page is Refreshed
11:41:16 Invoking Teststep: wait until {loc} to be visible with arguments: [qafreporting.menubutton]
11:41:16 Completed Teststep: wait until {loc} to be visible with arguments: [qafreporting.menubutton]
11:41:16 Invoking Teststep: click on {loc} with arguments: [qafreporting.menubutton]
11:41:16 Completed Teststep: click on {loc} with arguments: [qafreporting.menubutton]
11:41:16 Invoking Teststep: wait until {loc} to be visible with arguments: [qafreporting.button]
11:41:16 Completed Teststep: wait until {loc} to be visible with arguments: [qafreporting.button]
11:41:16 Invoking Teststep: click on {loc} with arguments: [qafreporting.button]
11:41:17 Completed Teststep: click on {loc} with arguments: [qafreporting.button]
11:41:17 Invoking Teststep: wait until {loc} to be visible with arguments: [qafreporting.header]
11:41:17 Completed Teststep: wait until {loc} to be visible with arguments: [qafreporting.header]
11:41:17 Invoking Teststep: assert {loc} text is {text} with arguments: [qafreporting.header, QAF Reporting]
11:41:50 Invoking Teststep: go to URL
11:41:50 Invoking Teststep: go to URL
11:41:50 Invoking Teststep: go to URL
11:41:50 Invoking Teststep: get {url} with arguments: []
11:41:50 Invoking Teststep: get {url} with arguments: []
11:41:50 Invoking Teststep: get {url} with arguments: []
11:41:52 Completed Teststep: get {url} with arguments: []
11:41:52 Invoking Teststep: This step checks if the page JavaScript has finished loading
11:41:52 Completed Teststep: This step checks if the page JavaScript has finished loading
11:41:52 Completed Teststep: go to URL
11:41:52 Invoking Teststep: wait until ajax call complete
11:41:52 Completed Teststep: wait until ajax call complete
11:41:52 Invoking Teststep: Validate that the current URL matches another value with arguments: [12, https://qmetry.github.io/qaf/latest/docs.html ]
11:41:52 Completed Teststep: Validate that the current URL matches another value with arguments: [12, https://qmetry.github.io/qaf/latest/docs.html ]
11:41:54 Completed Teststep: get {url} with arguments: []
11:41:54 Invoking Teststep: This step checks if the page JavaScript has finished loading
11:41:54 Completed Teststep: This step checks if the page JavaScript has finished loading
11:41:54 Completed Teststep: go to URL
11:41:54 Invoking Teststep: assert {loc} is visible with arguments: [githubrepo.button]
11:45:36 Invoking Teststep: go to URL
11:45:36 Invoking Teststep: go to URL
11:45:36 Invoking Teststep: go to URL
11:45:36 Invoking Teststep: get {url} with arguments: []
11:45:36 Invoking Teststep: get {url} with arguments: []
11:45:36 Invoking Teststep: get {url} with arguments: []
11:45:40 Completed Teststep: get {url} with arguments: []
11:45:40 Invoking Teststep: This step checks if the page JavaScript has finished loading
11:45:40 Completed Teststep: This step checks if the page JavaScript has finished loading
11:45:40 Completed Teststep: go to URL
11:45:40 Invoking Teststep: assert {loc} is visible with arguments: [githubrepo.button]
11:46:10 Failure Teststep: assert {loc} is visible with arguments: [githubrepo.button]
com.qmetry.qaf.automation.step.JavaStepReporter$JPThrowable: java.lang.AssertionError
	at com.qmetry.qaf.automation.step.JavaStepReporter$MockJavaStep.doExecute(JavaStepReporter.java:144)
	at com.qmetry.qaf.automation.step.BaseTestStep.execute(BaseTestStep.java:149)
	at com.qmetry.qaf.automation.step.JavaStepReporter.javaTestStep(JavaStepReporter.java:88)
	at com.qmetry.qaf.automation.step.CommonStep.assertVisible(CommonStep.java:272)
	at hubTesting.test.qmetryTests.QmetryTestExample.checkFields(QmetryTestExample.java:28)
	at sun.reflect.NativeMethodAccessorImpl.invoke0(Native Method)
	at sun.reflect.NativeMethodAccessorImpl.invoke(NativeMethodAccessorImpl.java:62)
	at sun.reflect.DelegatingMethodAccessorImpl.invoke(DelegatingMethodAccessorImpl.java:43)
	at java.lang.reflect.Method.invoke(Method.java:498)
	at org.testng.internal.MethodInvocationHelper.invokeMethod(MethodInvocationHelper.java:124)
	at org.testng.internal.Invoker.invokeMethod(Invoker.java:571)
	at org.testng.internal.Invoker.invokeTestMethod(Invoker.java:707)
	at org.testng.internal.Invoker.invokeTestMethods(Invoker.java:979)
	at org.testng.internal.TestMethodWorker.invokeTestMethods(TestMethodWorker.java:125)
	at org.testng.internal.TestMethodWorker.run(TestMethodWorker.java:109)
	at java.util.concurrent.ThreadPoolExecutor.runWorker(ThreadPoolExecutor.java:1149)
	at java.util.concurrent.ThreadPoolExecutor$Worker.run(ThreadPoolExecutor.java:624)
	at java.lang.Thread.run(Thread.java:748)
Caused by: java.lang.AssertionError
	at com.qmetry.qaf.automation.ui.webdriver.QAFExtendedWebElement.assertVisible(QAFExtendedWebElement.java:993)
	at com.qmetry.qaf.automation.step.CommonStep.assertVisible_aroundBody20(CommonStep.java:273)
	at com.qmetry.qaf.automation.step.CommonStep$AjcClosure21.run(CommonStep.java:1)
	at org.aspectj.runtime.reflect.JoinPointImpl.proceed(JoinPointImpl.java:149)
	at com.qmetry.qaf.automation.step.JavaStepReporter$MockJavaStep.doExecute(JavaStepReporter.java:138)
	... 17 more
11:46:10 Completed Teststep: assert {loc} is visible with arguments: [githubrepo.button]
11:46:10 Invoking Teststep: Page is Refreshed
11:46:11 Completed Teststep: Page is Refreshed
11:46:11 Invoking Teststep: wait until {loc} to be visible with arguments: [qafreporting.menubutton]
11:46:11 Completed Teststep: wait until {loc} to be visible with arguments: [qafreporting.menubutton]
11:46:11 Invoking Teststep: click on {loc} with arguments: [qafreporting.menubutton]
11:46:11 Completed Teststep: click on {loc} with arguments: [qafreporting.menubutton]
11:46:11 Invoking Teststep: wait until {loc} to be visible with arguments: [qafreporting.button]
11:46:11 Completed Teststep: wait until {loc} to be visible with arguments: [qafreporting.button]
11:46:11 Invoking Teststep: click on {loc} with arguments: [qafreporting.button]
11:46:11 Completed Teststep: click on {loc} with arguments: [qafreporting.button]
11:46:11 Invoking Teststep: wait until {loc} to be visible with arguments: [qafreporting.header]
11:46:11 Completed Teststep: wait until {loc} to be visible with arguments: [qafreporting.header]
11:46:11 Invoking Teststep: assert {loc} text is {text} with arguments: [qafreporting.header, QAF Reporting]
11:46:42 Failure Teststep: assert {loc} text is {text} with arguments: [qafreporting.header, QAF Reporting]
com.qmetry.qaf.automation.step.JavaStepReporter$JPThrowable: java.lang.AssertionError
	at com.qmetry.qaf.automation.step.JavaStepReporter$MockJavaStep.doExecute(JavaStepReporter.java:144)
	at com.qmetry.qaf.automation.step.BaseTestStep.execute(BaseTestStep.java:149)
	at com.qmetry.qaf.automation.step.JavaStepReporter.javaTestStep(JavaStepReporter.java:88)
	at com.qmetry.qaf.automation.step.CommonStep.assertText(CommonStep.java:1838)
	at hubTesting.test.qmetryTests.QmetryTestExample.checkFields(QmetryTestExample.java:39)
	at sun.reflect.NativeMethodAccessorImpl.invoke0(Native Method)
	at sun.reflect.NativeMethodAccessorImpl.invoke(NativeMethodAccessorImpl.java:62)
	at sun.reflect.DelegatingMethodAccessorImpl.invoke(DelegatingMethodAccessorImpl.java:43)
	at java.lang.reflect.Method.invoke(Method.java:498)
	at org.testng.internal.MethodInvocationHelper.invokeMethod(MethodInvocationHelper.java:124)
	at org.testng.internal.Invoker.invokeMethod(Invoker.java:571)
	at org.testng.internal.Invoker.invokeTestMethod(Invoker.java:707)
	at org.testng.internal.Invoker.invokeTestMethods(Invoker.java:979)
	at org.testng.internal.TestMethodWorker.invokeTestMethods(TestMethodWorker.java:125)
	at org.testng.internal.TestMethodWorker.run(TestMethodWorker.java:109)
	at java.util.concurrent.ThreadPoolExecutor.runWorker(ThreadPoolExecutor.java:1149)
	at java.util.concurrent.ThreadPoolExecutor$Worker.run(ThreadPoolExecutor.java:624)
	at java.lang.Thread.run(Thread.java:748)
Caused by: java.lang.AssertionError
	at com.qmetry.qaf.automation.ui.webdriver.QAFExtendedWebElement.assertText(QAFExtendedWebElement.java:1017)
	at com.qmetry.qaf.automation.step.CommonStep.assertText_aroundBody132(CommonStep.java:1839)
	at com.qmetry.qaf.automation.step.CommonStep$AjcClosure133.run(CommonStep.java:1)
	at org.aspectj.runtime.reflect.JoinPointImpl.proceed(JoinPointImpl.java:149)
	at com.qmetry.qaf.automation.step.JavaStepReporter$MockJavaStep.doExecute(JavaStepReporter.java:138)
	... 17 more
11:46:42 Completed Teststep: assert {loc} text is {text} with arguments: [qafreporting.header, QAF Reporting]
11:46:44 Completed Teststep: get {url} with arguments: []
11:46:44 Invoking Teststep: This step checks if the page JavaScript has finished loading
11:46:44 Completed Teststep: This step checks if the page JavaScript has finished loading
11:46:44 Completed Teststep: go to URL
11:46:44 Invoking Teststep: click on {loc} with arguments: [input.field]
11:46:44 Completed Teststep: click on {loc} with arguments: [input.field]
11:46:44 Invoking Teststep: sendKeys {text} into {loc} with arguments: [QAF Updator, input.field]
11:46:44 Completed Teststep: sendKeys {text} into {loc} with arguments: [QAF Updator, input.field]
11:46:44 Invoking Teststep: assert {loc} attribute {attr} value is {value} with arguments: [input.field, type, text]
11:46:45 Completed Teststep: assert {loc} attribute {attr} value is {value} with arguments: [input.field, type, text]
11:46:45 Invoking Teststep: assert {loc} attribute {attr} value is {value} with arguments: [input.field, id, search-input]
11:46:45 Completed Teststep: assert {loc} attribute {attr} value is {value} with arguments: [input.field, id, search-input]
11:46:45 Invoking Teststep: assert {loc} attribute {attr} value is {value} with arguments: [input.field, style, background: rgb(255, 255, 255]
11:47:15 Failure Teststep: assert {loc} attribute {attr} value is {value} with arguments: [input.field, style, background: rgb(255, 255, 255]
com.qmetry.qaf.automation.step.JavaStepReporter$JPThrowable: java.lang.AssertionError
	at com.qmetry.qaf.automation.step.JavaStepReporter$MockJavaStep.doExecute(JavaStepReporter.java:144)
	at com.qmetry.qaf.automation.step.BaseTestStep.execute(BaseTestStep.java:149)
	at com.qmetry.qaf.automation.step.JavaStepReporter.javaTestStep(JavaStepReporter.java:88)
	at com.qmetry.qaf.automation.step.CommonStep.assertAttribute(CommonStep.java:1990)
	at hubTesting.test.qmetryTests.QmetryTestExample.checkSearchField(QmetryTestExample.java:64)
	at sun.reflect.NativeMethodAccessorImpl.invoke0(Native Method)
	at sun.reflect.NativeMethodAccessorImpl.invoke(NativeMethodAccessorImpl.java:62)
	at sun.reflect.DelegatingMethodAccessorImpl.invoke(DelegatingMethodAccessorImpl.java:43)
	at java.lang.reflect.Method.invoke(Method.java:498)
	at org.testng.internal.MethodInvocationHelper.invokeMethod(MethodInvocationHelper.java:124)
	at org.testng.internal.Invoker.invokeMethod(Invoker.java:571)
	at org.testng.internal.Invoker.invokeTestMethod(Invoker.java:707)
	at org.testng.internal.Invoker.invokeTestMethods(Invoker.java:979)
	at org.testng.internal.TestMethodWorker.invokeTestMethods(TestMethodWorker.java:125)
	at org.testng.internal.TestMethodWorker.run(TestMethodWorker.java:109)
	at java.util.concurrent.ThreadPoolExecutor.runWorker(ThreadPoolExecutor.java:1149)
	at java.util.concurrent.ThreadPoolExecutor$Worker.run(ThreadPoolExecutor.java:624)
	at java.lang.Thread.run(Thread.java:748)
Caused by: java.lang.AssertionError
	at com.qmetry.qaf.automation.ui.webdriver.QAFExtendedWebElement.assertAttribute(QAFExtendedWebElement.java:1067)
	at com.qmetry.qaf.automation.step.CommonStep.assertAttribute_aroundBody144(CommonStep.java:1991)
	at com.qmetry.qaf.automation.step.CommonStep$AjcClosure145.run(CommonStep.java:1)
	at org.aspectj.runtime.reflect.JoinPointImpl.proceed(JoinPointImpl.java:149)
	at com.qmetry.qaf.automation.step.JavaStepReporter$MockJavaStep.doExecute(JavaStepReporter.java:138)
	... 17 more
11:47:15 Completed Teststep: assert {loc} attribute {attr} value is {value} with arguments: [input.field, style, background: rgb(255, 255, 255]
11:47:15 Invoking Teststep: assert {loc} property {prop} value is {value} with arguments: [input.field, background, rgb(255, 255, 255) none repeat scroll 0% 0% / auto padding-box border-box]
11:47:16 Completed Teststep: assert {loc} property {prop} value is {value} with arguments: [input.field, background, rgb(255, 255, 255) none repeat scroll 0% 0% / auto padding-box border-box]
11:47:17 Completed Teststep: get {url} with arguments: []
11:47:17 Invoking Teststep: This step checks if the page JavaScript has finished loading
11:47:17 Completed Teststep: This step checks if the page JavaScript has finished loading
11:47:17 Completed Teststep: go to URL
11:47:17 Invoking Teststep: wait until ajax call complete
11:47:17 Completed Teststep: wait until ajax call complete
11:47:17 Invoking Teststep: Validate that the current URL matches another value with arguments: [12, https://qmetry.github.io/qaf/latest/docs.html ]
11:47:18 Completed Teststep: Validate that the current URL matches another value with arguments: [12, https://qmetry.github.io/qaf/latest/docs.html ]
11:48:38 Invoking Teststep: go to URL
11:48:38 Invoking Teststep: go to URL
11:48:38 Invoking Teststep: go to URL
11:48:38 Invoking Teststep: get {url} with arguments: []
11:48:38 Invoking Teststep: get {url} with arguments: []
11:48:38 Invoking Teststep: get {url} with arguments: []
11:48:41 Completed Teststep: get {url} with arguments: []
11:48:41 Invoking Teststep: This step checks if the page JavaScript has finished loading
11:48:41 Completed Teststep: This step checks if the page JavaScript has finished loading
11:48:41 Completed Teststep: go to URL
11:48:41 Invoking Teststep: wait until ajax call complete
11:48:41 Completed Teststep: wait until ajax call complete
11:48:41 Invoking Teststep: Validate that the current URL matches another value with arguments: [12, https://qmetry.github.io/qaf/latest/docs.html]
11:48:41 Completed Teststep: Validate that the current URL matches another value with arguments: [12, https://qmetry.github.io/qaf/latest/docs.html]
11:48:43 Completed Teststep: get {url} with arguments: []
11:48:43 Invoking Teststep: This step checks if the page JavaScript has finished loading
11:48:43 Completed Teststep: This step checks if the page JavaScript has finished loading
11:48:43 Completed Teststep: go to URL
11:48:43 Invoking Teststep: click on {loc} with arguments: [input.field]
11:48:43 Completed Teststep: click on {loc} with arguments: [input.field]
11:48:43 Invoking Teststep: sendKeys {text} into {loc} with arguments: [QAF Updator, input.field]
11:48:43 Completed Teststep: sendKeys {text} into {loc} with arguments: [QAF Updator, input.field]
11:48:43 Invoking Teststep: assert {loc} attribute {attr} value is {value} with arguments: [input.field, type, text]
11:48:43 Completed Teststep: assert {loc} attribute {attr} value is {value} with arguments: [input.field, type, text]
11:48:43 Invoking Teststep: assert {loc} attribute {attr} value is {value} with arguments: [input.field, id, search-input]
11:48:44 Completed Teststep: assert {loc} attribute {attr} value is {value} with arguments: [input.field, id, search-input]
11:48:44 Invoking Teststep: assert {loc} attribute {attr} value is {value} with arguments: [input.field, style, background: rgb(255, 255, 255]
11:49:14 Failure Teststep: assert {loc} attribute {attr} value is {value} with arguments: [input.field, style, background: rgb(255, 255, 255]
com.qmetry.qaf.automation.step.JavaStepReporter$JPThrowable: java.lang.AssertionError
	at com.qmetry.qaf.automation.step.JavaStepReporter$MockJavaStep.doExecute(JavaStepReporter.java:144)
	at com.qmetry.qaf.automation.step.BaseTestStep.execute(BaseTestStep.java:149)
	at com.qmetry.qaf.automation.step.JavaStepReporter.javaTestStep(JavaStepReporter.java:88)
	at com.qmetry.qaf.automation.step.CommonStep.assertAttribute(CommonStep.java:1990)
	at hubTesting.test.qmetryTests.QmetryTestExample.checkSearchField(QmetryTestExample.java:64)
	at sun.reflect.NativeMethodAccessorImpl.invoke0(Native Method)
	at sun.reflect.NativeMethodAccessorImpl.invoke(NativeMethodAccessorImpl.java:62)
	at sun.reflect.DelegatingMethodAccessorImpl.invoke(DelegatingMethodAccessorImpl.java:43)
	at java.lang.reflect.Method.invoke(Method.java:498)
	at org.testng.internal.MethodInvocationHelper.invokeMethod(MethodInvocationHelper.java:124)
	at org.testng.internal.Invoker.invokeMethod(Invoker.java:571)
	at org.testng.internal.Invoker.invokeTestMethod(Invoker.java:707)
	at org.testng.internal.Invoker.invokeTestMethods(Invoker.java:979)
	at org.testng.internal.TestMethodWorker.invokeTestMethods(TestMethodWorker.java:125)
	at org.testng.internal.TestMethodWorker.run(TestMethodWorker.java:109)
	at java.util.concurrent.ThreadPoolExecutor.runWorker(ThreadPoolExecutor.java:1149)
	at java.util.concurrent.ThreadPoolExecutor$Worker.run(ThreadPoolExecutor.java:624)
	at java.lang.Thread.run(Thread.java:748)
Caused by: java.lang.AssertionError
	at com.qmetry.qaf.automation.ui.webdriver.QAFExtendedWebElement.assertAttribute(QAFExtendedWebElement.java:1067)
	at com.qmetry.qaf.automation.step.CommonStep.assertAttribute_aroundBody144(CommonStep.java:1991)
	at com.qmetry.qaf.automation.step.CommonStep$AjcClosure145.run(CommonStep.java:1)
	at org.aspectj.runtime.reflect.JoinPointImpl.proceed(JoinPointImpl.java:149)
	at com.qmetry.qaf.automation.step.JavaStepReporter$MockJavaStep.doExecute(JavaStepReporter.java:138)
	... 17 more
11:49:14 Completed Teststep: assert {loc} attribute {attr} value is {value} with arguments: [input.field, style, background: rgb(255, 255, 255]
11:49:14 Invoking Teststep: assert {loc} property {prop} value is {value} with arguments: [input.field, background, rgb(255, 255, 255) none repeat scroll 0% 0% / auto padding-box border-box]
11:49:14 Completed Teststep: assert {loc} property {prop} value is {value} with arguments: [input.field, background, rgb(255, 255, 255) none repeat scroll 0% 0% / auto padding-box border-box]
11:49:16 Completed Teststep: get {url} with arguments: []
11:49:16 Invoking Teststep: This step checks if the page JavaScript has finished loading
11:49:16 Completed Teststep: This step checks if the page JavaScript has finished loading
11:49:16 Completed Teststep: go to URL
11:49:16 Invoking Teststep: assert {loc} is visible with arguments: [githubrepo.button]
11:49:47 Failure Teststep: assert {loc} is visible with arguments: [githubrepo.button]
com.qmetry.qaf.automation.step.JavaStepReporter$JPThrowable: java.lang.AssertionError
	at com.qmetry.qaf.automation.step.JavaStepReporter$MockJavaStep.doExecute(JavaStepReporter.java:144)
	at com.qmetry.qaf.automation.step.BaseTestStep.execute(BaseTestStep.java:149)
	at com.qmetry.qaf.automation.step.JavaStepReporter.javaTestStep(JavaStepReporter.java:88)
	at com.qmetry.qaf.automation.step.CommonStep.assertVisible(CommonStep.java:272)
	at hubTesting.test.qmetryTests.QmetryTestExample.checkFields(QmetryTestExample.java:28)
	at sun.reflect.NativeMethodAccessorImpl.invoke0(Native Method)
	at sun.reflect.NativeMethodAccessorImpl.invoke(NativeMethodAccessorImpl.java:62)
	at sun.reflect.DelegatingMethodAccessorImpl.invoke(DelegatingMethodAccessorImpl.java:43)
	at java.lang.reflect.Method.invoke(Method.java:498)
	at org.testng.internal.MethodInvocationHelper.invokeMethod(MethodInvocationHelper.java:124)
	at org.testng.internal.Invoker.invokeMethod(Invoker.java:571)
	at org.testng.internal.Invoker.invokeTestMethod(Invoker.java:707)
	at org.testng.internal.Invoker.invokeTestMethods(Invoker.java:979)
	at org.testng.internal.TestMethodWorker.invokeTestMethods(TestMethodWorker.java:125)
	at org.testng.internal.TestMethodWorker.run(TestMethodWorker.java:109)
	at java.util.concurrent.ThreadPoolExecutor.runWorker(ThreadPoolExecutor.java:1149)
	at java.util.concurrent.ThreadPoolExecutor$Worker.run(ThreadPoolExecutor.java:624)
	at java.lang.Thread.run(Thread.java:748)
Caused by: java.lang.AssertionError
	at com.qmetry.qaf.automation.ui.webdriver.QAFExtendedWebElement.assertVisible(QAFExtendedWebElement.java:993)
	at com.qmetry.qaf.automation.step.CommonStep.assertVisible_aroundBody20(CommonStep.java:273)
	at com.qmetry.qaf.automation.step.CommonStep$AjcClosure21.run(CommonStep.java:1)
	at org.aspectj.runtime.reflect.JoinPointImpl.proceed(JoinPointImpl.java:149)
	at com.qmetry.qaf.automation.step.JavaStepReporter$MockJavaStep.doExecute(JavaStepReporter.java:138)
	... 17 more
11:49:47 Completed Teststep: assert {loc} is visible with arguments: [githubrepo.button]
11:49:47 Invoking Teststep: Page is Refreshed
11:49:48 Completed Teststep: Page is Refreshed
11:49:48 Invoking Teststep: wait until {loc} to be visible with arguments: [qafreporting.menubutton]
11:49:48 Completed Teststep: wait until {loc} to be visible with arguments: [qafreporting.menubutton]
11:49:48 Invoking Teststep: click on {loc} with arguments: [qafreporting.menubutton]
11:49:48 Completed Teststep: click on {loc} with arguments: [qafreporting.menubutton]
11:49:48 Invoking Teststep: wait until {loc} to be visible with arguments: [qafreporting.button]
11:49:48 Completed Teststep: wait until {loc} to be visible with arguments: [qafreporting.button]
11:49:48 Invoking Teststep: click on {loc} with arguments: [qafreporting.button]
11:49:48 Completed Teststep: click on {loc} with arguments: [qafreporting.button]
11:49:48 Invoking Teststep: wait until {loc} to be visible with arguments: [qafreporting.header]
11:49:48 Completed Teststep: wait until {loc} to be visible with arguments: [qafreporting.header]
11:49:48 Invoking Teststep: assert {loc} text is {text} with arguments: [qafreporting.header, QAF Reporting]
11:50:19 Failure Teststep: assert {loc} text is {text} with arguments: [qafreporting.header, QAF Reporting]
com.qmetry.qaf.automation.step.JavaStepReporter$JPThrowable: java.lang.AssertionError
	at com.qmetry.qaf.automation.step.JavaStepReporter$MockJavaStep.doExecute(JavaStepReporter.java:144)
	at com.qmetry.qaf.automation.step.BaseTestStep.execute(BaseTestStep.java:149)
	at com.qmetry.qaf.automation.step.JavaStepReporter.javaTestStep(JavaStepReporter.java:88)
	at com.qmetry.qaf.automation.step.CommonStep.assertText(CommonStep.java:1838)
	at hubTesting.test.qmetryTests.QmetryTestExample.checkFields(QmetryTestExample.java:39)
	at sun.reflect.NativeMethodAccessorImpl.invoke0(Native Method)
	at sun.reflect.NativeMethodAccessorImpl.invoke(NativeMethodAccessorImpl.java:62)
	at sun.reflect.DelegatingMethodAccessorImpl.invoke(DelegatingMethodAccessorImpl.java:43)
	at java.lang.reflect.Method.invoke(Method.java:498)
	at org.testng.internal.MethodInvocationHelper.invokeMethod(MethodInvocationHelper.java:124)
	at org.testng.internal.Invoker.invokeMethod(Invoker.java:571)
	at org.testng.internal.Invoker.invokeTestMethod(Invoker.java:707)
	at org.testng.internal.Invoker.invokeTestMethods(Invoker.java:979)
	at org.testng.internal.TestMethodWorker.invokeTestMethods(TestMethodWorker.java:125)
	at org.testng.internal.TestMethodWorker.run(TestMethodWorker.java:109)
	at java.util.concurrent.ThreadPoolExecutor.runWorker(ThreadPoolExecutor.java:1149)
	at java.util.concurrent.ThreadPoolExecutor$Worker.run(ThreadPoolExecutor.java:624)
	at java.lang.Thread.run(Thread.java:748)
Caused by: java.lang.AssertionError
	at com.qmetry.qaf.automation.ui.webdriver.QAFExtendedWebElement.assertText(QAFExtendedWebElement.java:1017)
	at com.qmetry.qaf.automation.step.CommonStep.assertText_aroundBody132(CommonStep.java:1839)
	at com.qmetry.qaf.automation.step.CommonStep$AjcClosure133.run(CommonStep.java:1)
	at org.aspectj.runtime.reflect.JoinPointImpl.proceed(JoinPointImpl.java:149)
	at com.qmetry.qaf.automation.step.JavaStepReporter$MockJavaStep.doExecute(JavaStepReporter.java:138)
	... 17 more
11:50:19 Completed Teststep: assert {loc} text is {text} with arguments: [qafreporting.header, QAF Reporting]
11:51:18 Invoking Teststep: go to URL
11:51:18 Invoking Teststep: go to URL
11:51:18 Invoking Teststep: go to URL
11:51:18 Invoking Teststep: get {url} with arguments: []
11:51:18 Invoking Teststep: get {url} with arguments: []
11:51:18 Invoking Teststep: get {url} with arguments: []
11:51:21 Completed Teststep: get {url} with arguments: []
11:51:21 Invoking Teststep: This step checks if the page JavaScript has finished loading
11:51:21 Completed Teststep: This step checks if the page JavaScript has finished loading
11:51:21 Completed Teststep: go to URL
11:51:21 Invoking Teststep: assert {loc} is visible with arguments: [githubrepo.button]
11:51:52 Failure Teststep: assert {loc} is visible with arguments: [githubrepo.button]
com.qmetry.qaf.automation.step.JavaStepReporter$JPThrowable: java.lang.AssertionError
	at com.qmetry.qaf.automation.step.JavaStepReporter$MockJavaStep.doExecute(JavaStepReporter.java:144)
	at com.qmetry.qaf.automation.step.BaseTestStep.execute(BaseTestStep.java:149)
	at com.qmetry.qaf.automation.step.JavaStepReporter.javaTestStep(JavaStepReporter.java:88)
	at com.qmetry.qaf.automation.step.CommonStep.assertVisible(CommonStep.java:272)
	at hubTesting.test.qmetryTests.QmetryTestExample.checkFields(QmetryTestExample.java:28)
	at sun.reflect.NativeMethodAccessorImpl.invoke0(Native Method)
	at sun.reflect.NativeMethodAccessorImpl.invoke(NativeMethodAccessorImpl.java:62)
	at sun.reflect.DelegatingMethodAccessorImpl.invoke(DelegatingMethodAccessorImpl.java:43)
	at java.lang.reflect.Method.invoke(Method.java:498)
	at org.testng.internal.MethodInvocationHelper.invokeMethod(MethodInvocationHelper.java:124)
	at org.testng.internal.Invoker.invokeMethod(Invoker.java:571)
	at org.testng.internal.Invoker.invokeTestMethod(Invoker.java:707)
	at org.testng.internal.Invoker.invokeTestMethods(Invoker.java:979)
	at org.testng.internal.TestMethodWorker.invokeTestMethods(TestMethodWorker.java:125)
	at org.testng.internal.TestMethodWorker.run(TestMethodWorker.java:109)
	at java.util.concurrent.ThreadPoolExecutor.runWorker(ThreadPoolExecutor.java:1149)
	at java.util.concurrent.ThreadPoolExecutor$Worker.run(ThreadPoolExecutor.java:624)
	at java.lang.Thread.run(Thread.java:748)
Caused by: java.lang.AssertionError
	at com.qmetry.qaf.automation.ui.webdriver.QAFExtendedWebElement.assertVisible(QAFExtendedWebElement.java:993)
	at com.qmetry.qaf.automation.step.CommonStep.assertVisible_aroundBody20(CommonStep.java:273)
	at com.qmetry.qaf.automation.step.CommonStep$AjcClosure21.run(CommonStep.java:1)
	at org.aspectj.runtime.reflect.JoinPointImpl.proceed(JoinPointImpl.java:149)
	at com.qmetry.qaf.automation.step.JavaStepReporter$MockJavaStep.doExecute(JavaStepReporter.java:138)
	... 17 more
11:51:52 Completed Teststep: assert {loc} is visible with arguments: [githubrepo.button]
11:51:52 Invoking Teststep: Page is Refreshed
11:51:53 Completed Teststep: Page is Refreshed
11:51:53 Invoking Teststep: wait until {loc} to be visible with arguments: [qafreporting.menubutton]
11:51:53 Completed Teststep: wait until {loc} to be visible with arguments: [qafreporting.menubutton]
11:51:53 Invoking Teststep: click on {loc} with arguments: [qafreporting.menubutton]
11:51:53 Completed Teststep: click on {loc} with arguments: [qafreporting.menubutton]
11:51:53 Invoking Teststep: wait until {loc} to be visible with arguments: [qafreporting.button]
11:51:53 Completed Teststep: wait until {loc} to be visible with arguments: [qafreporting.button]
11:51:53 Invoking Teststep: click on {loc} with arguments: [qafreporting.button]
11:51:53 Completed Teststep: click on {loc} with arguments: [qafreporting.button]
11:51:53 Invoking Teststep: wait until {loc} to be visible with arguments: [qafreporting.header]
11:51:53 Completed Teststep: wait until {loc} to be visible with arguments: [qafreporting.header]
11:51:53 Invoking Teststep: assert {loc} text is {text} with arguments: [qafreporting.header, QAF Reporting]
11:52:24 Failure Teststep: assert {loc} text is {text} with arguments: [qafreporting.header, QAF Reporting]
com.qmetry.qaf.automation.step.JavaStepReporter$JPThrowable: java.lang.AssertionError
	at com.qmetry.qaf.automation.step.JavaStepReporter$MockJavaStep.doExecute(JavaStepReporter.java:144)
	at com.qmetry.qaf.automation.step.BaseTestStep.execute(BaseTestStep.java:149)
	at com.qmetry.qaf.automation.step.JavaStepReporter.javaTestStep(JavaStepReporter.java:88)
	at com.qmetry.qaf.automation.step.CommonStep.assertText(CommonStep.java:1838)
	at hubTesting.test.qmetryTests.QmetryTestExample.checkFields(QmetryTestExample.java:39)
	at sun.reflect.NativeMethodAccessorImpl.invoke0(Native Method)
	at sun.reflect.NativeMethodAccessorImpl.invoke(NativeMethodAccessorImpl.java:62)
	at sun.reflect.DelegatingMethodAccessorImpl.invoke(DelegatingMethodAccessorImpl.java:43)
	at java.lang.reflect.Method.invoke(Method.java:498)
	at org.testng.internal.MethodInvocationHelper.invokeMethod(MethodInvocationHelper.java:124)
	at org.testng.internal.Invoker.invokeMethod(Invoker.java:571)
	at org.testng.internal.Invoker.invokeTestMethod(Invoker.java:707)
	at org.testng.internal.Invoker.invokeTestMethods(Invoker.java:979)
	at org.testng.internal.TestMethodWorker.invokeTestMethods(TestMethodWorker.java:125)
	at org.testng.internal.TestMethodWorker.run(TestMethodWorker.java:109)
	at java.util.concurrent.ThreadPoolExecutor.runWorker(ThreadPoolExecutor.java:1149)
	at java.util.concurrent.ThreadPoolExecutor$Worker.run(ThreadPoolExecutor.java:624)
	at java.lang.Thread.run(Thread.java:748)
Caused by: java.lang.AssertionError
	at com.qmetry.qaf.automation.ui.webdriver.QAFExtendedWebElement.assertText(QAFExtendedWebElement.java:1017)
	at com.qmetry.qaf.automation.step.CommonStep.assertText_aroundBody132(CommonStep.java:1839)
	at com.qmetry.qaf.automation.step.CommonStep$AjcClosure133.run(CommonStep.java:1)
	at org.aspectj.runtime.reflect.JoinPointImpl.proceed(JoinPointImpl.java:149)
	at com.qmetry.qaf.automation.step.JavaStepReporter$MockJavaStep.doExecute(JavaStepReporter.java:138)
	... 17 more
11:52:24 Completed Teststep: assert {loc} text is {text} with arguments: [qafreporting.header, QAF Reporting]
11:52:27 Completed Teststep: get {url} with arguments: []
11:52:27 Invoking Teststep: This step checks if the page JavaScript has finished loading
11:52:27 Completed Teststep: This step checks if the page JavaScript has finished loading
11:52:27 Completed Teststep: go to URL
11:52:27 Invoking Teststep: click on {loc} with arguments: [input.field]
11:52:27 Completed Teststep: click on {loc} with arguments: [input.field]
11:52:27 Invoking Teststep: sendKeys {text} into {loc} with arguments: [QAF Updator, input.field]
11:52:27 Completed Teststep: sendKeys {text} into {loc} with arguments: [QAF Updator, input.field]
11:52:27 Invoking Teststep: assert {loc} attribute {attr} value is {value} with arguments: [input.field, type, text]
11:52:27 Completed Teststep: assert {loc} attribute {attr} value is {value} with arguments: [input.field, type, text]
11:52:27 Invoking Teststep: assert {loc} attribute {attr} value is {value} with arguments: [input.field, id, search-input]
11:52:28 Completed Teststep: assert {loc} attribute {attr} value is {value} with arguments: [input.field, id, search-input]
11:52:28 Invoking Teststep: assert {loc} attribute {attr} value is {value} with arguments: [input.field, style, background: rgb(255, 255, 255]
11:52:58 Failure Teststep: assert {loc} attribute {attr} value is {value} with arguments: [input.field, style, background: rgb(255, 255, 255]
com.qmetry.qaf.automation.step.JavaStepReporter$JPThrowable: java.lang.AssertionError
	at com.qmetry.qaf.automation.step.JavaStepReporter$MockJavaStep.doExecute(JavaStepReporter.java:144)
	at com.qmetry.qaf.automation.step.BaseTestStep.execute(BaseTestStep.java:149)
	at com.qmetry.qaf.automation.step.JavaStepReporter.javaTestStep(JavaStepReporter.java:88)
	at com.qmetry.qaf.automation.step.CommonStep.assertAttribute(CommonStep.java:1990)
	at hubTesting.test.qmetryTests.QmetryTestExample.checkSearchField(QmetryTestExample.java:64)
	at sun.reflect.NativeMethodAccessorImpl.invoke0(Native Method)
	at sun.reflect.NativeMethodAccessorImpl.invoke(NativeMethodAccessorImpl.java:62)
	at sun.reflect.DelegatingMethodAccessorImpl.invoke(DelegatingMethodAccessorImpl.java:43)
	at java.lang.reflect.Method.invoke(Method.java:498)
	at org.testng.internal.MethodInvocationHelper.invokeMethod(MethodInvocationHelper.java:124)
	at org.testng.internal.Invoker.invokeMethod(Invoker.java:571)
	at org.testng.internal.Invoker.invokeTestMethod(Invoker.java:707)
	at org.testng.internal.Invoker.invokeTestMethods(Invoker.java:979)
	at org.testng.internal.TestMethodWorker.invokeTestMethods(TestMethodWorker.java:125)
	at org.testng.internal.TestMethodWorker.run(TestMethodWorker.java:109)
	at java.util.concurrent.ThreadPoolExecutor.runWorker(ThreadPoolExecutor.java:1149)
	at java.util.concurrent.ThreadPoolExecutor$Worker.run(ThreadPoolExecutor.java:624)
	at java.lang.Thread.run(Thread.java:748)
Caused by: java.lang.AssertionError
	at com.qmetry.qaf.automation.ui.webdriver.QAFExtendedWebElement.assertAttribute(QAFExtendedWebElement.java:1067)
	at com.qmetry.qaf.automation.step.CommonStep.assertAttribute_aroundBody144(CommonStep.java:1991)
	at com.qmetry.qaf.automation.step.CommonStep$AjcClosure145.run(CommonStep.java:1)
	at org.aspectj.runtime.reflect.JoinPointImpl.proceed(JoinPointImpl.java:149)
	at com.qmetry.qaf.automation.step.JavaStepReporter$MockJavaStep.doExecute(JavaStepReporter.java:138)
	... 17 more
11:52:58 Completed Teststep: assert {loc} attribute {attr} value is {value} with arguments: [input.field, style, background: rgb(255, 255, 255]
11:52:58 Invoking Teststep: assert {loc} property {prop} value is {value} with arguments: [input.field, background, rgb(255, 255, 255) none repeat scroll 0% 0% / auto padding-box border-box]
11:52:58 Completed Teststep: assert {loc} property {prop} value is {value} with arguments: [input.field, background, rgb(255, 255, 255) none repeat scroll 0% 0% / auto padding-box border-box]
11:53:00 Completed Teststep: get {url} with arguments: []
11:53:00 Invoking Teststep: This step checks if the page JavaScript has finished loading
11:53:00 Completed Teststep: This step checks if the page JavaScript has finished loading
11:53:00 Completed Teststep: go to URL
11:53:00 Invoking Teststep: wait until ajax call complete
11:53:00 Completed Teststep: wait until ajax call complete
11:53:00 Invoking Teststep: Validate that the current URL matches another value with arguments: [https://qmetry.github.io/qaf/latest/docs.html]
11:53:00 Completed Teststep: Validate that the current URL matches another value with arguments: [https://qmetry.github.io/qaf/latest/docs.html]
11:53:55 Invoking Teststep: go to URL
11:53:55 Invoking Teststep: go to URL
11:53:55 Invoking Teststep: go to URL
11:53:55 Invoking Teststep: get {url} with arguments: []
11:53:55 Invoking Teststep: get {url} with arguments: []
11:53:55 Invoking Teststep: get {url} with arguments: []
11:53:57 Completed Teststep: get {url} with arguments: []
11:53:57 Invoking Teststep: This step checks if the page JavaScript has finished loading
11:53:58 Completed Teststep: This step checks if the page JavaScript has finished loading
11:53:58 Completed Teststep: go to URL
11:53:58 Invoking Teststep: wait until ajax call complete
11:53:58 Completed Teststep: wait until ajax call complete
11:53:58 Invoking Teststep: Validate that the current URL matches another value with arguments: [https://qmetry.github.io/qaf/latest/docs.html/]
11:53:58 Completed Teststep: Validate that the current URL matches another value with arguments: [https://qmetry.github.io/qaf/latest/docs.html/]
11:53:59 Completed Teststep: get {url} with arguments: []
11:53:59 Invoking Teststep: This step checks if the page JavaScript has finished loading
11:53:59 Completed Teststep: This step checks if the page JavaScript has finished loading
11:53:59 Completed Teststep: go to URL
11:53:59 Invoking Teststep: Page is Refreshed
11:54:00 Completed Teststep: Page is Refreshed
11:54:00 Invoking Teststep: wait until {loc} to be visible with arguments: [qafreporting.menubutton]
11:54:00 Completed Teststep: wait until {loc} to be visible with arguments: [qafreporting.menubutton]
11:54:00 Invoking Teststep: click on {loc} with arguments: [qafreporting.menubutton]
11:54:00 Completed Teststep: click on {loc} with arguments: [qafreporting.menubutton]
11:54:00 Invoking Teststep: wait until {loc} to be visible with arguments: [qafreporting.button]
11:54:00 Completed Teststep: wait until {loc} to be visible with arguments: [qafreporting.button]
11:54:00 Invoking Teststep: click on {loc} with arguments: [qafreporting.button]
11:54:00 Completed Teststep: click on {loc} with arguments: [qafreporting.button]
11:54:00 Invoking Teststep: wait until {loc} to be visible with arguments: [qafreporting.header]
11:54:00 Completed Teststep: wait until {loc} to be visible with arguments: [qafreporting.header]
11:54:02 Completed Teststep: get {url} with arguments: []
11:54:02 Invoking Teststep: This step checks if the page JavaScript has finished loading
11:54:02 Completed Teststep: This step checks if the page JavaScript has finished loading
11:54:02 Completed Teststep: go to URL
11:54:02 Invoking Teststep: click on {loc} with arguments: [input.field]
11:54:02 Completed Teststep: click on {loc} with arguments: [input.field]
11:54:02 Invoking Teststep: sendKeys {text} into {loc} with arguments: [QAF Updator, input.field]
11:54:03 Completed Teststep: sendKeys {text} into {loc} with arguments: [QAF Updator, input.field]
11:54:03 Invoking Teststep: assert {loc} attribute {attr} value is {value} with arguments: [input.field, type, text]
11:54:03 Completed Teststep: assert {loc} attribute {attr} value is {value} with arguments: [input.field, type, text]
11:54:03 Invoking Teststep: assert {loc} attribute {attr} value is {value} with arguments: [input.field, id, search-input]
11:54:04 Completed Teststep: assert {loc} attribute {attr} value is {value} with arguments: [input.field, id, search-input]
11:54:04 Invoking Teststep: assert {loc} attribute {attr} value is {value} with arguments: [input.field, style, background: rgb(255, 255, 255]
11:54:34 Failure Teststep: assert {loc} attribute {attr} value is {value} with arguments: [input.field, style, background: rgb(255, 255, 255]
com.qmetry.qaf.automation.step.JavaStepReporter$JPThrowable: java.lang.AssertionError
	at com.qmetry.qaf.automation.step.JavaStepReporter$MockJavaStep.doExecute(JavaStepReporter.java:144)
	at com.qmetry.qaf.automation.step.BaseTestStep.execute(BaseTestStep.java:149)
	at com.qmetry.qaf.automation.step.JavaStepReporter.javaTestStep(JavaStepReporter.java:88)
	at com.qmetry.qaf.automation.step.CommonStep.assertAttribute(CommonStep.java:1990)
	at hubTesting.test.qmetryTests.QmetryTestExample.checkSearchField(QmetryTestExample.java:64)
	at sun.reflect.NativeMethodAccessorImpl.invoke0(Native Method)
	at sun.reflect.NativeMethodAccessorImpl.invoke(NativeMethodAccessorImpl.java:62)
	at sun.reflect.DelegatingMethodAccessorImpl.invoke(DelegatingMethodAccessorImpl.java:43)
	at java.lang.reflect.Method.invoke(Method.java:498)
	at org.testng.internal.MethodInvocationHelper.invokeMethod(MethodInvocationHelper.java:124)
	at org.testng.internal.Invoker.invokeMethod(Invoker.java:571)
	at org.testng.internal.Invoker.invokeTestMethod(Invoker.java:707)
	at org.testng.internal.Invoker.invokeTestMethods(Invoker.java:979)
	at org.testng.internal.TestMethodWorker.invokeTestMethods(TestMethodWorker.java:125)
	at org.testng.internal.TestMethodWorker.run(TestMethodWorker.java:109)
	at java.util.concurrent.ThreadPoolExecutor.runWorker(ThreadPoolExecutor.java:1149)
	at java.util.concurrent.ThreadPoolExecutor$Worker.run(ThreadPoolExecutor.java:624)
	at java.lang.Thread.run(Thread.java:748)
Caused by: java.lang.AssertionError
	at com.qmetry.qaf.automation.ui.webdriver.QAFExtendedWebElement.assertAttribute(QAFExtendedWebElement.java:1067)
	at com.qmetry.qaf.automation.step.CommonStep.assertAttribute_aroundBody144(CommonStep.java:1991)
	at com.qmetry.qaf.automation.step.CommonStep$AjcClosure145.run(CommonStep.java:1)
	at org.aspectj.runtime.reflect.JoinPointImpl.proceed(JoinPointImpl.java:149)
	at com.qmetry.qaf.automation.step.JavaStepReporter$MockJavaStep.doExecute(JavaStepReporter.java:138)
	... 17 more
11:54:34 Completed Teststep: assert {loc} attribute {attr} value is {value} with arguments: [input.field, style, background: rgb(255, 255, 255]
11:54:34 Invoking Teststep: assert {loc} property {prop} value is {value} with arguments: [input.field, background, rgb(255, 255, 255) none repeat scroll 0% 0% / auto padding-box border-box]
11:54:34 Completed Teststep: assert {loc} property {prop} value is {value} with arguments: [input.field, background, rgb(255, 255, 255) none repeat scroll 0% 0% / auto padding-box border-box]
